{
  "RSpec": {
    "coverage": {
      "/Users/chrisdavidmerlino/Projects/Makers/oyster_card_challenge/spec/journey_spec.rb": [
        1,
        null,
        1,
        null,
        1,
        4,
        null,
        1,
        1,
        null,
        null,
        1,
        1,
        1,
        1,
        1,
        null,
        null,
        1,
        1,
        1,
        1,
        null,
        null,
        1,
        1,
        1,
        null,
        null
      ],
      "/Users/chrisdavidmerlino/Projects/Makers/oyster_card_challenge/lib/journey.rb": [
        1,
        null,
        1,
        1,
        null,
        1,
        null,
        1,
        13,
        13,
        13,
        null,
        null,
        1,
        5,
        null,
        null,
        1,
        5,
        null,
        null,
        1,
        5,
        null,
        null,
        1,
        1,
        null,
        null,
        1,
        3,
        3,
        null,
        null
      ],
      "/Users/chrisdavidmerlino/Projects/Makers/oyster_card_challenge/spec/journeylog_spec.rb": [
        1,
        null,
        1,
        null,
        2,
        2,
        1,
        null,
        null,
        1,
        1,
        1,
        null,
        null
      ],
      "/Users/chrisdavidmerlino/Projects/Makers/oyster_card_challenge/lib/journeylog.rb": [
        1,
        null,
        1,
        null,
        1,
        null,
        1,
        1,
        1,
        null,
        null,
        1,
        1,
        null,
        null,
        1,
        null,
        1,
        1,
        null,
        null,
        null
      ],
      "/Users/chrisdavidmerlino/Projects/Makers/oyster_card_challenge/spec/oystercard_spec.rb": [
        1,
        null,
        1,
        null,
        3,
        null,
        1,
        1,
        1,
        null,
        null,
        null,
        1,
        2,
        null,
        1,
        1,
        1,
        null,
        null,
        1,
        1,
        1,
        2,
        null,
        null,
        null,
        1,
        null,
        1,
        2,
        null,
        null,
        2,
        null,
        null,
        null,
        1,
        null,
        2,
        null,
        3,
        3,
        null,
        1,
        2,
        2,
        2,
        null,
        null,
        1,
        4,
        null,
        null,
        null
      ],
      "/Users/chrisdavidmerlino/Projects/Makers/oyster_card_challenge/lib/oystercard.rb": [
        1,
        1,
        null,
        1,
        null,
        1,
        1,
        null,
        null,
        1,
        1,
        null,
        null,
        1,
        8,
        8,
        null,
        null,
        1,
        5,
        4,
        null,
        null,
        1,
        3,
        2,
        null,
        null,
        1,
        3,
        3,
        3,
        null,
        null,
        1,
        null,
        1,
        3,
        null,
        null,
        null
      ],
      "/Users/chrisdavidmerlino/Projects/Makers/oyster_card_challenge/lib/station.rb": [
        1,
        null,
        1,
        null,
        1,
        2,
        2,
        null,
        null
      ],
      "/Users/chrisdavidmerlino/Projects/Makers/oyster_card_challenge/spec/station_spec.rb": [
        1,
        null,
        1,
        null,
        3,
        null,
        1,
        1,
        null,
        null,
        1,
        1,
        null,
        null
      ]
    },
    "timestamp": 1576857984
  }
}
